Using pre-set license
Built from '2020.3/release' branch; Version is '2020.3.2f1 (8fd9074bf66c) revision 9427207'; Using compiler version '192528614'; Build Type 'Release'
OS: 'Windows 10 Pro; OS build 19041.804; Version 2004; 64bit' Language: 'pt' Physical Memory: 7116 MB
BatchMode: 1, IsHumanControllingUs: 0, StartBugReporterOnCrash: 0, Is64bit: 1, IsPro: 0

 COMMAND LINE ARGUMENTS:
H:\Unity\Unity 19.15\2020.3.2f1\Editor\Unity.exe
-adb2
-batchMode
-noUpm
-name
AssetImportWorker1
-projectPath
H:/BluvTeam/PrototipoTonza/prototipo tcc
-logFile
Logs/AssetImportWorker1.log
-srvPort
64269
Successfully changed project path to: H:/BluvTeam/PrototipoTonza/prototipo tcc
H:/BluvTeam/PrototipoTonza/prototipo tcc
Using Asset Import Pipeline V2.
Refreshing native plugins compatible for Editor in 78.91 ms, found 0 plugins.
Preloading 0 native plugins for Editor in 0.00 ms.
Initialize engine version: 2020.3.2f1 (8fd9074bf66c)
[Subsystems] Discovering subsystems at path H:/Unity/Unity 19.15/2020.3.2f1/Editor/Data/Resources/UnitySubsystems
[Subsystems] Discovering subsystems at path H:/BluvTeam/PrototipoTonza/prototipo tcc/Assets
GfxDevice: creating device client; threaded=0
Direct3D:
    Version:  Direct3D 11.0 [level 11.1]
    Renderer: NVIDIA GeForce GTX 1060 6GB (ID=0x1c03)
    Vendor:   
    VRAM:     6052 MB
    Driver:   27.21.14.5671
Shader 'Universal Render Pipeline/Particles/Lit': fallback shader 'Universal Render Pipeline/Particles/SimpleLit' not found
Initialize mono
Mono path[0] = 'H:/Unity/Unity 19.15/2020.3.2f1/Editor/Data/Managed'
Mono path[1] = 'H:/Unity/Unity 19.15/2020.3.2f1/Editor/Data/MonoBleedingEdge/lib/mono/unityjit'
Mono config path = 'H:/Unity/Unity 19.15/2020.3.2f1/Editor/Data/MonoBleedingEdge/etc'
Using monoOptions --debugger-agent=transport=dt_socket,embedding=1,server=y,suspend=n,address=127.0.0.1:56540
Begin MonoManager ReloadAssembly
Registering precompiled unity dll's ...
Register platform support module: H:/Unity/Unity 19.15/2020.3.2f1/Editor/Data/PlaybackEngines/WindowsStandaloneSupport/UnityEditor.WindowsStandalone.Extensions.dll
Registered in 0.002536 seconds.
Native extension for WindowsStandalone target not found
Refreshing native plugins compatible for Editor in 120.02 ms, found 0 plugins.
Preloading 0 native plugins for Editor in 0.00 ms.
Invoked RoslynAnalysisRunner static constructor.
RoslynAnalysisRunner will not be running.
RoslynAnalysisRunner has terminated.
Mono: successfully reloaded assembly
- Completed reload, in  2.421 seconds
Platform modules already initialized, skipping
Registering precompiled user dll's ...
Registered in 0.001672 seconds.
Begin MonoManager ReloadAssembly
Native extension for WindowsStandalone target not found
Refreshing native plugins compatible for Editor in 62.88 ms, found 0 plugins.
Preloading 0 native plugins for Editor in 0.00 ms.
Invoked RoslynAnalysisRunner static constructor.
RoslynAnalysisRunner will not be running.
RoslynAnalysisRunner has terminated.
Mono: successfully reloaded assembly
- Completed reload, in  1.763 seconds
Platform modules already initialized, skipping
========================================================================
Worker process is ready to serve import requests
Shader 'Universal Render Pipeline/Particles/Lit': fallback shader 'Universal Render Pipeline/Particles/SimpleLit' not found
Launched and connected shader compiler UnityShaderCompiler.exe after 0.19 seconds
Refreshing native plugins compatible for Editor in 1.26 ms, found 0 plugins.
Preloading 0 native plugins for Editor in 0.00 ms.
Unloading 2611 Unused Serialized files (Serialized files now loaded: 0)
System memory in use before: 124.5 MB.
System memory in use after: 124.7 MB.

Unloading 14 unused Assets to reduce memory usage. Loaded Objects now: 3063.
Total: 6.064500 ms (FindLiveObjects: 0.573800 ms CreateObjectMapping: 0.303200 ms MarkObjects: 4.962600 ms  DeleteObjects: 0.221400 ms)

========================================================================
Received Import Request.
  path: Assets/Scripts/level manager
  artifactKey: Guid(cb5d8c668f855d04bb4786afa1034b2e) Importer(815301076,1909f56bfc062723c751e8b465ee728b)
Start importing Assets/Scripts/level manager using Guid(cb5d8c668f855d04bb4786afa1034b2e) Importer(815301076,1909f56bfc062723c751e8b465ee728b)  -> (artifact id: '7bd4cee94a92bd2627a2637fec36ab39') in 0.068683 seconds
  Import took 0.078988 seconds .

========================================================================
Received Import Request.
  Time since last request: 0.000416 seconds.
  path: Assets/Scripts/portais
  artifactKey: Guid(4957f5a7f6a7ec54b8ddd54166cfb37b) Importer(815301076,1909f56bfc062723c751e8b465ee728b)
Start importing Assets/Scripts/portais using Guid(4957f5a7f6a7ec54b8ddd54166cfb37b) Importer(815301076,1909f56bfc062723c751e8b465ee728b)  -> (artifact id: '86d2feb459867612265daa041f784254') in 0.023740 seconds
  Import took 0.039890 seconds .

========================================================================
Received Import Request.
  Time since last request: 408.162824 seconds.
  path: Assets/Scripts/level manager/dimentionalControl.cs
  artifactKey: Guid(ada6a2f6f511ede41ad1d1b50e1b4738) Importer(815301076,1909f56bfc062723c751e8b465ee728b)
Start importing Assets/Scripts/level manager/dimentionalControl.cs using Guid(ada6a2f6f511ede41ad1d1b50e1b4738) Importer(815301076,1909f56bfc062723c751e8b465ee728b)  -> (artifact id: 'fa4cb84965fa013ef6ea29961df09440') in 0.048627 seconds
  Import took 0.054202 seconds .

AssetImportWorkerClient::OnTransportError - code=2 error=End of file
